<?xml version="1.0" encoding="UTF-8"?>
<testsuite xmlns:xsi="http://www.w3.org/2001/XMLSchema-instance" xsi:schemaLocation="https://maven.apache.org/surefire/maven-surefire-plugin/xsd/surefire-test-report.xsd" name="TestSuite" time="77.37" tests="3" errors="0" skipped="0" failures="0">
  <properties>
[...]
</properties>
  <testcase name="getPeopleManagement" classname="com.beeboxes.face.people.testcase.TestPeopleManagement" time="1.496"/>
  <testcase name="batchAddingStaff" classname="com.beeboxes.face.people.testcase.TestPeopleManagement" time="30.126"/>
  <testcase name="batchAddingStaff" classname="com.beeboxes.face.people.testcase.TestPeopleManagement" time="29.793"/>
</testsuite>